[ 2015-08-23T10:53:28+08:00 ] 127.0.0.1 /TestPro/
INFO: [ app_init ] --START--
INFO: Run Behavior\BuildLiteBehavior [ RunTime:0.000000s ]
INFO: [ app_init ] --END-- [ RunTime:0.007000s ]
INFO: [ app_begin ] --START--
INFO: Run Behavior\ReadHtmlCacheBehavior [ RunTime:0.012001s ]
INFO: [ app_begin ] --END-- [ RunTime:0.013001s ]
INFO: [ view_parse ] --START--
INFO: Run Behavior\ParseTemplateBehavior [ RunTime:0.002000s ]
INFO: [ view_parse ] --END-- [ RunTime:0.002000s ]
INFO: [ view_filter ] --START--
INFO: Run Behavior\WriteHtmlCacheBehavior [ RunTime:0.012001s ]
INFO: [ view_filter ] --END-- [ RunTime:0.012001s ]
INFO: [ app_end ] --START--
INFO: Run Behavior\ShowPageTraceBehavior [ RunTime:0.009000s ]
INFO: [ app_end ] --END-- [ RunTime:0.009000s ]

[ 2015-08-23T10:59:05+08:00 ] 127.0.0.1 /TestPro/index.php/Home/Article/addTest
INFO: [ app_init ] --START--
INFO: Run Behavior\BuildLiteBehavior [ RunTime:0.000000s ]
INFO: [ app_init ] --END-- [ RunTime:0.001000s ]
INFO: [ app_begin ] --START--
INFO: Run Behavior\ReadHtmlCacheBehavior [ RunTime:0.001000s ]
INFO: [ app_begin ] --END-- [ RunTime:0.002000s ]
SQL: SHOW COLUMNS FROM `blogs_article` [ RunTime:0.0030s ]
NOTIC: [2] Invalid argument supplied for foreach() D:\wamp\www\TestPro\Application\Home\Model\BaseModel.class.php 第 292 行.
NOTIC: [8] Undefined variable: result D:\wamp\www\TestPro\Application\Home\Model\BaseModel.class.php 第 295 行.
INFO: [ app_end ] --START--
INFO: Run Behavior\ShowPageTraceBehavior [ RunTime:0.002000s ]
INFO: [ app_end ] --END-- [ RunTime:0.002000s ]

[ 2015-08-23T11:01:50+08:00 ] 127.0.0.1 /TestPro/index.php/Home/Article/addTest
INFO: [ app_init ] --START--
INFO: Run Behavior\BuildLiteBehavior [ RunTime:0.000000s ]
INFO: [ app_init ] --END-- [ RunTime:0.001000s ]
INFO: [ app_begin ] --START--
INFO: Run Behavior\ReadHtmlCacheBehavior [ RunTime:0.000000s ]
INFO: [ app_begin ] --END-- [ RunTime:0.001000s ]
SQL: SHOW COLUMNS FROM `blogs_article` [ RunTime:0.0040s ]
NOTIC: [8] Undefined offset: 0 D:\wamp\www\TestPro\Application\Home\Model\BaseModel.class.php 第 247 行.
NOTIC: [2] in_array() expects parameter 2 to be array, null given D:\wamp\www\TestPro\Application\Home\Model\BaseModel.class.php 第 80 行.
NOTIC: [2] array_key_exists() expects parameter 2 to be array, null given D:\wamp\www\TestPro\Application\Home\Model\BaseModel.class.php 第 86 行.
NOTIC: [2] in_array() expects parameter 2 to be array, null given D:\wamp\www\TestPro\Application\Home\Model\BaseModel.class.php 第 80 行.
NOTIC: [2] array_key_exists() expects parameter 2 to be array, null given D:\wamp\www\TestPro\Application\Home\Model\BaseModel.class.php 第 86 行.
INFO: [ app_end ] --START--
INFO: Run Behavior\ShowPageTraceBehavior [ RunTime:0.001000s ]
INFO: [ app_end ] --END-- [ RunTime:0.002001s ]

[ 2015-08-23T11:15:07+08:00 ] 127.0.0.1 /TestPro/index.php/Home/Article/addTest
INFO: [ app_init ] --START--
INFO: Run Behavior\BuildLiteBehavior [ RunTime:0.001000s ]
INFO: [ app_init ] --END-- [ RunTime:0.001000s ]
INFO: [ app_begin ] --START--
INFO: Run Behavior\ReadHtmlCacheBehavior [ RunTime:0.002000s ]
INFO: [ app_begin ] --END-- [ RunTime:0.003000s ]
SQL: SHOW COLUMNS FROM `blogs_article` [ RunTime:0.0030s ]
NOTIC: [8] Undefined offset: 0 D:\wamp\www\TestPro\Application\Home\Model\BaseModel.class.php 第 247 行.
NOTIC: [2] in_array() expects parameter 2 to be array, null given D:\wamp\www\TestPro\Application\Home\Model\BaseModel.class.php 第 80 行.
NOTIC: [2] array_key_exists() expects parameter 2 to be array, null given D:\wamp\www\TestPro\Application\Home\Model\BaseModel.class.php 第 86 行.
NOTIC: [2] in_array() expects parameter 2 to be array, null given D:\wamp\www\TestPro\Application\Home\Model\BaseModel.class.php 第 80 行.
NOTIC: [2] array_key_exists() expects parameter 2 to be array, null given D:\wamp\www\TestPro\Application\Home\Model\BaseModel.class.php 第 86 行.
INFO: [ app_end ] --START--
INFO: Run Behavior\ShowPageTraceBehavior [ RunTime:0.002000s ]
INFO: [ app_end ] --END-- [ RunTime:0.002000s ]

[ 2015-08-23T11:15:08+08:00 ] 127.0.0.1 /TestPro/index.php/Home/Article/addTest
INFO: [ app_init ] --START--
INFO: Run Behavior\BuildLiteBehavior [ RunTime:0.000000s ]
INFO: [ app_init ] --END-- [ RunTime:0.001000s ]
INFO: [ app_begin ] --START--
INFO: Run Behavior\ReadHtmlCacheBehavior [ RunTime:0.002000s ]
INFO: [ app_begin ] --END-- [ RunTime:0.002000s ]
SQL: SHOW COLUMNS FROM `blogs_article` [ RunTime:0.0040s ]
NOTIC: [8] Undefined offset: 0 D:\wamp\www\TestPro\Application\Home\Model\BaseModel.class.php 第 247 行.
NOTIC: [2] in_array() expects parameter 2 to be array, null given D:\wamp\www\TestPro\Application\Home\Model\BaseModel.class.php 第 80 行.
NOTIC: [2] array_key_exists() expects parameter 2 to be array, null given D:\wamp\www\TestPro\Application\Home\Model\BaseModel.class.php 第 86 行.
NOTIC: [2] in_array() expects parameter 2 to be array, null given D:\wamp\www\TestPro\Application\Home\Model\BaseModel.class.php 第 80 行.
NOTIC: [2] array_key_exists() expects parameter 2 to be array, null given D:\wamp\www\TestPro\Application\Home\Model\BaseModel.class.php 第 86 行.
INFO: [ app_end ] --START--
INFO: Run Behavior\ShowPageTraceBehavior [ RunTime:0.001000s ]
INFO: [ app_end ] --END-- [ RunTime:0.001000s ]

[ 2015-08-23T11:15:09+08:00 ] 127.0.0.1 /TestPro/index.php/Home/Article/addTest
INFO: [ app_init ] --START--
INFO: Run Behavior\BuildLiteBehavior [ RunTime:0.000000s ]
INFO: [ app_init ] --END-- [ RunTime:0.000000s ]
INFO: [ app_begin ] --START--
INFO: Run Behavior\ReadHtmlCacheBehavior [ RunTime:0.001000s ]
INFO: [ app_begin ] --END-- [ RunTime:0.001000s ]
SQL: SHOW COLUMNS FROM `blogs_article` [ RunTime:0.0030s ]
NOTIC: [8] Undefined offset: 0 D:\wamp\www\TestPro\Application\Home\Model\BaseModel.class.php 第 247 行.
NOTIC: [2] in_array() expects parameter 2 to be array, null given D:\wamp\www\TestPro\Application\Home\Model\BaseModel.class.php 第 80 行.
NOTIC: [2] array_key_exists() expects parameter 2 to be array, null given D:\wamp\www\TestPro\Application\Home\Model\BaseModel.class.php 第 86 行.
NOTIC: [2] in_array() expects parameter 2 to be array, null given D:\wamp\www\TestPro\Application\Home\Model\BaseModel.class.php 第 80 行.
NOTIC: [2] array_key_exists() expects parameter 2 to be array, null given D:\wamp\www\TestPro\Application\Home\Model\BaseModel.class.php 第 86 行.
INFO: [ app_end ] --START--
INFO: Run Behavior\ShowPageTraceBehavior [ RunTime:0.001000s ]
INFO: [ app_end ] --END-- [ RunTime:0.002001s ]

[ 2015-08-23T11:15:09+08:00 ] 127.0.0.1 /TestPro/index.php/Home/Article/addTest
INFO: [ app_init ] --START--
INFO: Run Behavior\BuildLiteBehavior [ RunTime:0.000000s ]
INFO: [ app_init ] --END-- [ RunTime:0.000000s ]
INFO: [ app_begin ] --START--
INFO: Run Behavior\ReadHtmlCacheBehavior [ RunTime:0.001000s ]
INFO: [ app_begin ] --END-- [ RunTime:0.002000s ]
SQL: SHOW COLUMNS FROM `blogs_article` [ RunTime:0.0040s ]
NOTIC: [8] Undefined offset: 0 D:\wamp\www\TestPro\Application\Home\Model\BaseModel.class.php 第 247 行.
NOTIC: [2] in_array() expects parameter 2 to be array, null given D:\wamp\www\TestPro\Application\Home\Model\BaseModel.class.php 第 80 行.
NOTIC: [2] array_key_exists() expects parameter 2 to be array, null given D:\wamp\www\TestPro\Application\Home\Model\BaseModel.class.php 第 86 行.
NOTIC: [2] in_array() expects parameter 2 to be array, null given D:\wamp\www\TestPro\Application\Home\Model\BaseModel.class.php 第 80 行.
NOTIC: [2] array_key_exists() expects parameter 2 to be array, null given D:\wamp\www\TestPro\Application\Home\Model\BaseModel.class.php 第 86 行.
INFO: [ app_end ] --START--
INFO: Run Behavior\ShowPageTraceBehavior [ RunTime:0.001000s ]
INFO: [ app_end ] --END-- [ RunTime:0.001000s ]

[ 2015-08-23T11:19:17+08:00 ] 127.0.0.1 /TestPro/index.php/Home/Article/addTest
INFO: [ app_init ] --START--
INFO: Run Behavior\BuildLiteBehavior [ RunTime:0.000000s ]
INFO: [ app_init ] --END-- [ RunTime:0.001000s ]
INFO: [ app_begin ] --START--
INFO: Run Behavior\ReadHtmlCacheBehavior [ RunTime:0.001000s ]
INFO: [ app_begin ] --END-- [ RunTime:0.001000s ]
SQL: SHOW COLUMNS FROM `blogs_article` [ RunTime:0.0040s ]
NOTIC: [8] Undefined offset: 0 D:\wamp\www\TestPro\Application\Home\Model\BaseModel.class.php 第 247 行.
NOTIC: [2] in_array() expects parameter 2 to be array, null given D:\wamp\www\TestPro\Application\Home\Model\BaseModel.class.php 第 80 行.
NOTIC: [2] array_key_exists() expects parameter 2 to be array, null given D:\wamp\www\TestPro\Application\Home\Model\BaseModel.class.php 第 86 行.
NOTIC: [2] in_array() expects parameter 2 to be array, null given D:\wamp\www\TestPro\Application\Home\Model\BaseModel.class.php 第 80 行.
NOTIC: [2] array_key_exists() expects parameter 2 to be array, null given D:\wamp\www\TestPro\Application\Home\Model\BaseModel.class.php 第 86 行.
INFO: [ app_end ] --START--
INFO: Run Behavior\ShowPageTraceBehavior [ RunTime:0.001000s ]
INFO: [ app_end ] --END-- [ RunTime:0.001000s ]

[ 2015-08-23T11:19:18+08:00 ] 127.0.0.1 /TestPro/index.php/Home/Article/addTest
INFO: [ app_init ] --START--
INFO: Run Behavior\BuildLiteBehavior [ RunTime:0.001000s ]
INFO: [ app_init ] --END-- [ RunTime:0.001000s ]
INFO: [ app_begin ] --START--
INFO: Run Behavior\ReadHtmlCacheBehavior [ RunTime:0.001000s ]
INFO: [ app_begin ] --END-- [ RunTime:0.001000s ]
SQL: SHOW COLUMNS FROM `blogs_article` [ RunTime:0.0040s ]
NOTIC: [8] Undefined offset: 0 D:\wamp\www\TestPro\Application\Home\Model\BaseModel.class.php 第 247 行.
NOTIC: [2] in_array() expects parameter 2 to be array, null given D:\wamp\www\TestPro\Application\Home\Model\BaseModel.class.php 第 80 行.
NOTIC: [2] array_key_exists() expects parameter 2 to be array, null given D:\wamp\www\TestPro\Application\Home\Model\BaseModel.class.php 第 86 行.
NOTIC: [2] in_array() expects parameter 2 to be array, null given D:\wamp\www\TestPro\Application\Home\Model\BaseModel.class.php 第 80 行.
NOTIC: [2] array_key_exists() expects parameter 2 to be array, null given D:\wamp\www\TestPro\Application\Home\Model\BaseModel.class.php 第 86 行.
INFO: [ app_end ] --START--
INFO: Run Behavior\ShowPageTraceBehavior [ RunTime:0.001000s ]
INFO: [ app_end ] --END-- [ RunTime:0.001000s ]

[ 2015-08-23T11:23:25+08:00 ] 127.0.0.1 /TestPro/index.php/Home/Article/addTest
INFO: [ app_init ] --START--
INFO: Run Behavior\BuildLiteBehavior [ RunTime:0.000000s ]
INFO: [ app_init ] --END-- [ RunTime:0.000000s ]
INFO: [ app_begin ] --START--
INFO: Run Behavior\ReadHtmlCacheBehavior [ RunTime:0.001000s ]
INFO: [ app_begin ] --END-- [ RunTime:0.001000s ]
SQL: SHOW COLUMNS FROM `blogs_article` [ RunTime:0.0030s ]
NOTIC: [2] in_array() expects parameter 2 to be array, null given D:\wamp\www\TestPro\Application\Home\Model\BaseModel.class.php 第 80 行.
NOTIC: [2] array_key_exists() expects parameter 2 to be array, null given D:\wamp\www\TestPro\Application\Home\Model\BaseModel.class.php 第 86 行.
NOTIC: [2] in_array() expects parameter 2 to be array, null given D:\wamp\www\TestPro\Application\Home\Model\BaseModel.class.php 第 80 行.
NOTIC: [2] array_key_exists() expects parameter 2 to be array, null given D:\wamp\www\TestPro\Application\Home\Model\BaseModel.class.php 第 86 行.
SQL: INSERT INTO `blogs_article` () VALUES () [ RunTime:0.1030s ]
INFO: [ app_end ] --START--
INFO: Run Behavior\ShowPageTraceBehavior [ RunTime:0.001000s ]
INFO: [ app_end ] --END-- [ RunTime:0.001000s ]

[ 2015-08-23T11:24:17+08:00 ] 127.0.0.1 /TestPro/index.php/Home/Article/addTest
INFO: [ app_init ] --START--
INFO: Run Behavior\BuildLiteBehavior [ RunTime:0.000000s ]
INFO: [ app_init ] --END-- [ RunTime:0.001000s ]
INFO: [ app_begin ] --START--
INFO: Run Behavior\ReadHtmlCacheBehavior [ RunTime:0.001000s ]
INFO: [ app_begin ] --END-- [ RunTime:0.002000s ]
SQL: SHOW COLUMNS FROM `blogs_article` [ RunTime:0.0040s ]
NOTIC: [8] Undefined offset: 0 D:\wamp\www\TestPro\Application\Home\Model\BaseModel.class.php 第 247 行.
NOTIC: [2] in_array() expects parameter 2 to be array, null given D:\wamp\www\TestPro\Application\Home\Model\BaseModel.class.php 第 80 行.
NOTIC: [2] array_key_exists() expects parameter 2 to be array, null given D:\wamp\www\TestPro\Application\Home\Model\BaseModel.class.php 第 86 行.
NOTIC: [2] in_array() expects parameter 2 to be array, null given D:\wamp\www\TestPro\Application\Home\Model\BaseModel.class.php 第 80 行.
NOTIC: [2] array_key_exists() expects parameter 2 to be array, null given D:\wamp\www\TestPro\Application\Home\Model\BaseModel.class.php 第 86 行.
INFO: [ app_end ] --START--
INFO: Run Behavior\ShowPageTraceBehavior [ RunTime:0.001000s ]
INFO: [ app_end ] --END-- [ RunTime:0.001000s ]

[ 2015-08-23T11:24:39+08:00 ] 127.0.0.1 /TestPro/index.php/Home/Article/addTest
INFO: [ app_init ] --START--
INFO: Run Behavior\BuildLiteBehavior [ RunTime:0.000000s ]
INFO: [ app_init ] --END-- [ RunTime:0.001000s ]
INFO: [ app_begin ] --START--
INFO: Run Behavior\ReadHtmlCacheBehavior [ RunTime:0.000000s ]
INFO: [ app_begin ] --END-- [ RunTime:0.000000s ]
SQL: SHOW COLUMNS FROM `blogs_article` [ RunTime:0.0040s ]
NOTIC: [2] in_array() expects parameter 2 to be array, null given D:\wamp\www\TestPro\Application\Home\Model\BaseModel.class.php 第 80 行.
NOTIC: [2] array_key_exists() expects parameter 2 to be array, null given D:\wamp\www\TestPro\Application\Home\Model\BaseModel.class.php 第 86 行.
NOTIC: [2] in_array() expects parameter 2 to be array, null given D:\wamp\www\TestPro\Application\Home\Model\BaseModel.class.php 第 80 行.
NOTIC: [2] array_key_exists() expects parameter 2 to be array, null given D:\wamp\www\TestPro\Application\Home\Model\BaseModel.class.php 第 86 行.
SQL: INSERT INTO `blogs_article` () VALUES () [ RunTime:0.0010s ]
INFO: [ app_end ] --START--
INFO: Run Behavior\ShowPageTraceBehavior [ RunTime:0.001000s ]
INFO: [ app_end ] --END-- [ RunTime:0.001000s ]

[ 2015-08-23T11:26:59+08:00 ] 127.0.0.1 /TestPro/index.php/Home/Article/addTest
INFO: [ app_init ] --START--
INFO: Run Behavior\BuildLiteBehavior [ RunTime:0.000000s ]
INFO: [ app_init ] --END-- [ RunTime:0.000000s ]
INFO: [ app_begin ] --START--
INFO: Run Behavior\ReadHtmlCacheBehavior [ RunTime:0.002001s ]
INFO: [ app_begin ] --END-- [ RunTime:0.002001s ]
SQL: SHOW COLUMNS FROM `blogs_article` [ RunTime:0.0040s ]
NOTIC: [2] in_array() expects parameter 2 to be array, null given D:\wamp\www\TestPro\Application\Home\Model\BaseModel.class.php 第 80 行.
NOTIC: [2] array_key_exists() expects parameter 2 to be array, null given D:\wamp\www\TestPro\Application\Home\Model\BaseModel.class.php 第 86 行.
NOTIC: [2] in_array() expects parameter 2 to be array, null given D:\wamp\www\TestPro\Application\Home\Model\BaseModel.class.php 第 80 行.
NOTIC: [2] array_key_exists() expects parameter 2 to be array, null given D:\wamp\www\TestPro\Application\Home\Model\BaseModel.class.php 第 86 行.
SQL: INSERT INTO `blogs_article` () VALUES () [ RunTime:0.0690s ]
INFO: [ app_end ] --START--
INFO: Run Behavior\ShowPageTraceBehavior [ RunTime:0.002000s ]
INFO: [ app_end ] --END-- [ RunTime:0.002000s ]

[ 2015-08-23T11:28:48+08:00 ] 127.0.0.1 /TestPro/index.php/Home/Article/addTest
INFO: [ app_init ] --START--
INFO: Run Behavior\BuildLiteBehavior [ RunTime:0.000000s ]
INFO: [ app_init ] --END-- [ RunTime:0.001000s ]
INFO: [ app_begin ] --START--
INFO: Run Behavior\ReadHtmlCacheBehavior [ RunTime:0.001000s ]
INFO: [ app_begin ] --END-- [ RunTime:0.001000s ]
SQL: SHOW COLUMNS FROM `blogs_article` [ RunTime:0.0040s ]
NOTIC: [2] in_array() expects parameter 2 to be array, null given D:\wamp\www\TestPro\Application\Home\Model\BaseModel.class.php 第 80 行.
NOTIC: [2] array_key_exists() expects parameter 2 to be array, null given D:\wamp\www\TestPro\Application\Home\Model\BaseModel.class.php 第 86 行.
NOTIC: [2] in_array() expects parameter 2 to be array, null given D:\wamp\www\TestPro\Application\Home\Model\BaseModel.class.php 第 80 行.
NOTIC: [2] array_key_exists() expects parameter 2 to be array, null given D:\wamp\www\TestPro\Application\Home\Model\BaseModel.class.php 第 86 行.
SQL: INSERT INTO `blogs_article` () VALUES () [ RunTime:0.0010s ]
INFO: [ app_end ] --START--
INFO: Run Behavior\ShowPageTraceBehavior [ RunTime:0.001000s ]
INFO: [ app_end ] --END-- [ RunTime:0.001000s ]

[ 2015-08-23T11:30:58+08:00 ] 127.0.0.1 /TestPro/index.php/Home/Article/addTest
INFO: [ app_init ] --START--
INFO: Run Behavior\BuildLiteBehavior [ RunTime:0.000000s ]
INFO: [ app_init ] --END-- [ RunTime:0.001000s ]
INFO: [ app_begin ] --START--
INFO: Run Behavior\ReadHtmlCacheBehavior [ RunTime:0.001000s ]
INFO: [ app_begin ] --END-- [ RunTime:0.001000s ]
SQL: SHOW COLUMNS FROM `blogs_article` [ RunTime:0.0050s ]
NOTIC: [2] in_array() expects parameter 2 to be array, null given D:\wamp\www\TestPro\Application\Home\Model\BaseModel.class.php 第 80 行.
NOTIC: [2] array_key_exists() expects parameter 2 to be array, null given D:\wamp\www\TestPro\Application\Home\Model\BaseModel.class.php 第 86 行.
NOTIC: [2] in_array() expects parameter 2 to be array, null given D:\wamp\www\TestPro\Application\Home\Model\BaseModel.class.php 第 80 行.
NOTIC: [2] array_key_exists() expects parameter 2 to be array, null given D:\wamp\www\TestPro\Application\Home\Model\BaseModel.class.php 第 86 行.
SQL: INSERT INTO `blogs_article` () VALUES () [ RunTime:0.0020s ]
INFO: [ app_end ] --START--
INFO: Run Behavior\ShowPageTraceBehavior [ RunTime:0.001000s ]
INFO: [ app_end ] --END-- [ RunTime:0.002000s ]

[ 2015-08-23T11:32:34+08:00 ] 127.0.0.1 /TestPro/index.php/Home/Article/addTest
INFO: [ app_init ] --START--
INFO: Run Behavior\BuildLiteBehavior [ RunTime:0.000000s ]
INFO: [ app_init ] --END-- [ RunTime:0.001001s ]
INFO: [ app_begin ] --START--
INFO: Run Behavior\ReadHtmlCacheBehavior [ RunTime:0.000000s ]
INFO: [ app_begin ] --END-- [ RunTime:0.000000s ]
SQL: SHOW COLUMNS FROM `blogs_article` [ RunTime:0.0030s ]
NOTIC: [2] in_array() expects parameter 2 to be array, null given D:\wamp\www\TestPro\Application\Home\Model\BaseModel.class.php 第 80 行.
NOTIC: [2] array_key_exists() expects parameter 2 to be array, null given D:\wamp\www\TestPro\Application\Home\Model\BaseModel.class.php 第 86 行.
NOTIC: [2] in_array() expects parameter 2 to be array, null given D:\wamp\www\TestPro\Application\Home\Model\BaseModel.class.php 第 80 行.
NOTIC: [2] array_key_exists() expects parameter 2 to be array, null given D:\wamp\www\TestPro\Application\Home\Model\BaseModel.class.php 第 86 行.
NOTIC: [2] in_array() expects parameter 2 to be array, null given D:\wamp\www\TestPro\Application\Home\Model\BaseModel.class.php 第 80 行.
NOTIC: [2] array_key_exists() expects parameter 2 to be array, null given D:\wamp\www\TestPro\Application\Home\Model\BaseModel.class.php 第 86 行.
SQL: INSERT INTO `blogs_article` () VALUES () [ RunTime:0.0020s ]
INFO: [ app_end ] --START--
INFO: Run Behavior\ShowPageTraceBehavior [ RunTime:0.001000s ]
INFO: [ app_end ] --END-- [ RunTime:0.002000s ]

[ 2015-08-23T11:33:37+08:00 ] 127.0.0.1 /TestPro/index.php/Home/Article/selectTest
INFO: [ app_init ] --START--
INFO: Run Behavior\BuildLiteBehavior [ RunTime:0.000000s ]
INFO: [ app_init ] --END-- [ RunTime:0.001000s ]
INFO: [ app_begin ] --START--
INFO: Run Behavior\ReadHtmlCacheBehavior [ RunTime:0.002000s ]
INFO: [ app_begin ] --END-- [ RunTime:0.002000s ]
SQL: SHOW COLUMNS FROM `blogs_article` [ RunTime:0.0030s ]
ERR: SQLSTATE[42S22]: Column not found: 1054 Unknown column 'articleTitle' in 'field list'

[ 2015-08-23T11:37:49+08:00 ] 127.0.0.1 /TestPro/index.php/Home/Article/selectTest
INFO: [ app_init ] --START--
INFO: Run Behavior\BuildLiteBehavior [ RunTime:0.000000s ]
INFO: [ app_init ] --END-- [ RunTime:0.001000s ]
INFO: [ app_begin ] --START--
INFO: Run Behavior\ReadHtmlCacheBehavior [ RunTime:0.001000s ]
INFO: [ app_begin ] --END-- [ RunTime:0.002000s ]
SQL: SHOW COLUMNS FROM `blogs_article` [ RunTime:0.0040s ]
ERR: SQLSTATE[42S22]: Column not found: 1054 Unknown column 'articleID' in 'where clause'

[ 2015-08-23T11:38:20+08:00 ] 127.0.0.1 /TestPro/index.php/Home/Article/selectTest
INFO: [ app_init ] --START--
INFO: Run Behavior\BuildLiteBehavior [ RunTime:0.000000s ]
INFO: [ app_init ] --END-- [ RunTime:0.000000s ]
INFO: [ app_begin ] --START--
INFO: Run Behavior\ReadHtmlCacheBehavior [ RunTime:0.001000s ]
INFO: [ app_begin ] --END-- [ RunTime:0.001000s ]
SQL: SHOW COLUMNS FROM `blogs_article` [ RunTime:0.0130s ]
SQL: SELECT `WENZHANGBIAOTI` AS ``,`WENZHANGNEIRONG` AS ``,`WENZHANGPINGLUN` AS ``,`BEILIULANCISHU` AS ``,`ZANSHU` AS ``,`CAISHU` AS `` FROM `blogs_article` WHERE ( WENZHANGID = 1  )  [ RunTime:0.0010s ]
INFO: [ app_end ] --START--
INFO: Run Behavior\ShowPageTraceBehavior [ RunTime:0.002000s ]
INFO: [ app_end ] --END-- [ RunTime:0.002000s ]

[ 2015-08-23T11:42:41+08:00 ] 127.0.0.1 /TestPro/index.php/Home/Article/selectTest
INFO: [ app_init ] --START--
INFO: Run Behavior\BuildLiteBehavior [ RunTime:0.000000s ]
INFO: [ app_init ] --END-- [ RunTime:0.000000s ]
INFO: [ app_begin ] --START--
INFO: Run Behavior\ReadHtmlCacheBehavior [ RunTime:0.001000s ]
INFO: [ app_begin ] --END-- [ RunTime:0.001000s ]
SQL: SHOW COLUMNS FROM `blogs_article` [ RunTime:0.0040s ]
SQL: SELECT `WENZHANGBIAOTI` AS ``,`WENZHANGNEIRONG` AS ``,`WENZHANGPINGLUN` AS ``,`BEILIULANCISHU` AS ``,`ZANSHU` AS ``,`CAISHU` AS `` FROM `blogs_article` WHERE ( WENZHANGID = 1  )  [ RunTime:0.0010s ]
INFO: [ app_end ] --START--
INFO: Run Behavior\ShowPageTraceBehavior [ RunTime:0.001000s ]
INFO: [ app_end ] --END-- [ RunTime:0.001000s ]

[ 2015-08-23T11:42:42+08:00 ] 127.0.0.1 /TestPro/index.php/Home/Article/selectTest
INFO: [ app_init ] --START--
INFO: Run Behavior\BuildLiteBehavior [ RunTime:0.000000s ]
INFO: [ app_init ] --END-- [ RunTime:0.000000s ]
INFO: [ app_begin ] --START--
INFO: Run Behavior\ReadHtmlCacheBehavior [ RunTime:0.001000s ]
INFO: [ app_begin ] --END-- [ RunTime:0.001000s ]
SQL: SHOW COLUMNS FROM `blogs_article` [ RunTime:0.0050s ]
SQL: SELECT `WENZHANGBIAOTI` AS ``,`WENZHANGNEIRONG` AS ``,`WENZHANGPINGLUN` AS ``,`BEILIULANCISHU` AS ``,`ZANSHU` AS ``,`CAISHU` AS `` FROM `blogs_article` WHERE ( WENZHANGID = 1  )  [ RunTime:0.0010s ]
INFO: [ app_end ] --START--
INFO: Run Behavior\ShowPageTraceBehavior [ RunTime:0.001000s ]
INFO: [ app_end ] --END-- [ RunTime:0.001000s ]

[ 2015-08-23T11:42:42+08:00 ] 127.0.0.1 /TestPro/index.php/Home/Article/selectTest
INFO: [ app_init ] --START--
INFO: Run Behavior\BuildLiteBehavior [ RunTime:0.000000s ]
INFO: [ app_init ] --END-- [ RunTime:0.000000s ]
INFO: [ app_begin ] --START--
INFO: Run Behavior\ReadHtmlCacheBehavior [ RunTime:0.001000s ]
INFO: [ app_begin ] --END-- [ RunTime:0.001000s ]
SQL: SHOW COLUMNS FROM `blogs_article` [ RunTime:0.0070s ]
SQL: SELECT `WENZHANGBIAOTI` AS ``,`WENZHANGNEIRONG` AS ``,`WENZHANGPINGLUN` AS ``,`BEILIULANCISHU` AS ``,`ZANSHU` AS ``,`CAISHU` AS `` FROM `blogs_article` WHERE ( WENZHANGID = 1  )  [ RunTime:0.0000s ]
INFO: [ app_end ] --START--
INFO: Run Behavior\ShowPageTraceBehavior [ RunTime:0.000000s ]
INFO: [ app_end ] --END-- [ RunTime:0.000000s ]

[ 2015-08-23T11:42:43+08:00 ] 127.0.0.1 /TestPro/index.php/Home/Article/selectTest
INFO: [ app_init ] --START--
INFO: Run Behavior\BuildLiteBehavior [ RunTime:0.000000s ]
INFO: [ app_init ] --END-- [ RunTime:0.000000s ]
INFO: [ app_begin ] --START--
INFO: Run Behavior\ReadHtmlCacheBehavior [ RunTime:0.001000s ]
INFO: [ app_begin ] --END-- [ RunTime:0.001000s ]
SQL: SHOW COLUMNS FROM `blogs_article` [ RunTime:0.0030s ]
SQL: SELECT `WENZHANGBIAOTI` AS ``,`WENZHANGNEIRONG` AS ``,`WENZHANGPINGLUN` AS ``,`BEILIULANCISHU` AS ``,`ZANSHU` AS ``,`CAISHU` AS `` FROM `blogs_article` WHERE ( WENZHANGID = 1  )  [ RunTime:0.0010s ]
INFO: [ app_end ] --START--
INFO: Run Behavior\ShowPageTraceBehavior [ RunTime:0.001000s ]
INFO: [ app_end ] --END-- [ RunTime:0.001000s ]

[ 2015-08-23T11:42:43+08:00 ] 127.0.0.1 /TestPro/index.php/Home/Article/selectTest
INFO: [ app_init ] --START--
INFO: Run Behavior\BuildLiteBehavior [ RunTime:0.000000s ]
INFO: [ app_init ] --END-- [ RunTime:0.001000s ]
INFO: [ app_begin ] --START--
INFO: Run Behavior\ReadHtmlCacheBehavior [ RunTime:0.000000s ]
INFO: [ app_begin ] --END-- [ RunTime:0.002000s ]
SQL: SHOW COLUMNS FROM `blogs_article` [ RunTime:0.0030s ]
SQL: SELECT `WENZHANGBIAOTI` AS ``,`WENZHANGNEIRONG` AS ``,`WENZHANGPINGLUN` AS ``,`BEILIULANCISHU` AS ``,`ZANSHU` AS ``,`CAISHU` AS `` FROM `blogs_article` WHERE ( WENZHANGID = 1  )  [ RunTime:0.0010s ]
INFO: [ app_end ] --START--
INFO: Run Behavior\ShowPageTraceBehavior [ RunTime:0.001000s ]
INFO: [ app_end ] --END-- [ RunTime:0.001000s ]

[ 2015-08-23T11:42:58+08:00 ] 127.0.0.1 /TestPro/index.php/Home/Article/selectTest
INFO: [ app_init ] --START--
INFO: Run Behavior\BuildLiteBehavior [ RunTime:0.000000s ]
INFO: [ app_init ] --END-- [ RunTime:0.001000s ]
INFO: [ app_begin ] --START--
INFO: Run Behavior\ReadHtmlCacheBehavior [ RunTime:0.001000s ]
INFO: [ app_begin ] --END-- [ RunTime:0.001000s ]
SQL: SHOW COLUMNS FROM `blogs_article` [ RunTime:0.0030s ]
SQL: SELECT `WENZHANGBIAOTI` AS ``,`WENZHANGNEIRONG` AS ``,`WENZHANGPINGLUN` AS ``,`BEILIULANCISHU` AS ``,`ZANSHU` AS ``,`CAISHU` AS `` FROM `blogs_article` WHERE ( WENZHANGID = 1  )  [ RunTime:0.0000s ]
INFO: [ app_end ] --START--
INFO: Run Behavior\ShowPageTraceBehavior [ RunTime:0.001000s ]
INFO: [ app_end ] --END-- [ RunTime:0.002000s ]

[ 2015-08-23T11:42:59+08:00 ] 127.0.0.1 /TestPro/index.php/Home/Article/selectTest
INFO: [ app_init ] --START--
INFO: Run Behavior\BuildLiteBehavior [ RunTime:0.000000s ]
INFO: [ app_init ] --END-- [ RunTime:0.000000s ]
INFO: [ app_begin ] --START--
INFO: Run Behavior\ReadHtmlCacheBehavior [ RunTime:0.001000s ]
INFO: [ app_begin ] --END-- [ RunTime:0.001000s ]
SQL: SHOW COLUMNS FROM `blogs_article` [ RunTime:0.0030s ]
SQL: SELECT `WENZHANGBIAOTI` AS ``,`WENZHANGNEIRONG` AS ``,`WENZHANGPINGLUN` AS ``,`BEILIULANCISHU` AS ``,`ZANSHU` AS ``,`CAISHU` AS `` FROM `blogs_article` WHERE ( WENZHANGID = 1  )  [ RunTime:0.0000s ]
INFO: [ app_end ] --START--
INFO: Run Behavior\ShowPageTraceBehavior [ RunTime:0.001000s ]
INFO: [ app_end ] --END-- [ RunTime:0.001000s ]

[ 2015-08-23T11:43:00+08:00 ] 127.0.0.1 /TestPro/index.php/Home/Article/selectTest
INFO: [ app_init ] --START--
INFO: Run Behavior\BuildLiteBehavior [ RunTime:0.000000s ]
INFO: [ app_init ] --END-- [ RunTime:0.001000s ]
INFO: [ app_begin ] --START--
INFO: Run Behavior\ReadHtmlCacheBehavior [ RunTime:0.000000s ]
INFO: [ app_begin ] --END-- [ RunTime:0.000000s ]
SQL: SHOW COLUMNS FROM `blogs_article` [ RunTime:0.0030s ]
SQL: SELECT `WENZHANGBIAOTI` AS ``,`WENZHANGNEIRONG` AS ``,`WENZHANGPINGLUN` AS ``,`BEILIULANCISHU` AS ``,`ZANSHU` AS ``,`CAISHU` AS `` FROM `blogs_article` WHERE ( WENZHANGID = 1  )  [ RunTime:0.0010s ]
INFO: [ app_end ] --START--
INFO: Run Behavior\ShowPageTraceBehavior [ RunTime:0.001000s ]
INFO: [ app_end ] --END-- [ RunTime:0.001000s ]

[ 2015-08-23T11:43:02+08:00 ] 127.0.0.1 /TestPro/index.php/Home/Article/selectTest
INFO: [ app_init ] --START--
INFO: Run Behavior\BuildLiteBehavior [ RunTime:0.001000s ]
INFO: [ app_init ] --END-- [ RunTime:0.001000s ]
INFO: [ app_begin ] --START--
INFO: Run Behavior\ReadHtmlCacheBehavior [ RunTime:0.001000s ]
INFO: [ app_begin ] --END-- [ RunTime:0.001000s ]
SQL: SHOW COLUMNS FROM `blogs_article` [ RunTime:0.0030s ]
SQL: SELECT `WENZHANGBIAOTI` AS ``,`WENZHANGNEIRONG` AS ``,`WENZHANGPINGLUN` AS ``,`BEILIULANCISHU` AS ``,`ZANSHU` AS ``,`CAISHU` AS `` FROM `blogs_article` WHERE ( WENZHANGID = 1  )  [ RunTime:0.0000s ]
INFO: [ app_end ] --START--
INFO: Run Behavior\ShowPageTraceBehavior [ RunTime:0.001000s ]
INFO: [ app_end ] --END-- [ RunTime:0.001000s ]

[ 2015-08-23T11:43:03+08:00 ] 127.0.0.1 /TestPro/index.php/Home/Article/selectTest
INFO: [ app_init ] --START--
INFO: Run Behavior\BuildLiteBehavior [ RunTime:0.000000s ]
INFO: [ app_init ] --END-- [ RunTime:0.000000s ]
INFO: [ app_begin ] --START--
INFO: Run Behavior\ReadHtmlCacheBehavior [ RunTime:0.001000s ]
INFO: [ app_begin ] --END-- [ RunTime:0.001000s ]
SQL: SHOW COLUMNS FROM `blogs_article` [ RunTime:0.0040s ]
SQL: SELECT `WENZHANGBIAOTI` AS ``,`WENZHANGNEIRONG` AS ``,`WENZHANGPINGLUN` AS ``,`BEILIULANCISHU` AS ``,`ZANSHU` AS ``,`CAISHU` AS `` FROM `blogs_article` WHERE ( WENZHANGID = 1  )  [ RunTime:0.0010s ]
INFO: [ app_end ] --START--
INFO: Run Behavior\ShowPageTraceBehavior [ RunTime:0.002000s ]
INFO: [ app_end ] --END-- [ RunTime:0.002000s ]

[ 2015-08-23T11:43:17+08:00 ] 127.0.0.1 /TestPro/index.php/Home/Article/selectTest
INFO: [ app_init ] --START--
INFO: Run Behavior\BuildLiteBehavior [ RunTime:0.000000s ]
INFO: [ app_init ] --END-- [ RunTime:0.001000s ]
INFO: [ app_begin ] --START--
INFO: Run Behavior\ReadHtmlCacheBehavior [ RunTime:0.000000s ]
INFO: [ app_begin ] --END-- [ RunTime:0.000000s ]
SQL: SHOW COLUMNS FROM `blogs_article` [ RunTime:0.0030s ]
SQL: SELECT `WENZHANGBIAOTI` AS ``,`WENZHANGNEIRONG` AS ``,`WENZHANGPINGLUN` AS ``,`BEILIULANCISHU` AS ``,`ZANSHU` AS ``,`CAISHU` AS `` FROM `blogs_article` WHERE ( WENZHANGID = 3  )  [ RunTime:0.0010s ]
INFO: [ app_end ] --START--
INFO: Run Behavior\ShowPageTraceBehavior [ RunTime:0.001000s ]
INFO: [ app_end ] --END-- [ RunTime:0.001000s ]

[ 2015-08-23T11:43:19+08:00 ] 127.0.0.1 /TestPro/index.php/Home/Article/selectTest
INFO: [ app_init ] --START--
INFO: Run Behavior\BuildLiteBehavior [ RunTime:0.000000s ]
INFO: [ app_init ] --END-- [ RunTime:0.001001s ]
INFO: [ app_begin ] --START--
INFO: Run Behavior\ReadHtmlCacheBehavior [ RunTime:0.000000s ]
INFO: [ app_begin ] --END-- [ RunTime:0.000000s ]
SQL: SHOW COLUMNS FROM `blogs_article` [ RunTime:0.0040s ]
SQL: SELECT `WENZHANGBIAOTI` AS ``,`WENZHANGNEIRONG` AS ``,`WENZHANGPINGLUN` AS ``,`BEILIULANCISHU` AS ``,`ZANSHU` AS ``,`CAISHU` AS `` FROM `blogs_article` WHERE ( WENZHANGID = 3  )  [ RunTime:0.0000s ]
INFO: [ app_end ] --START--
INFO: Run Behavior\ShowPageTraceBehavior [ RunTime:0.001000s ]
INFO: [ app_end ] --END-- [ RunTime:0.001000s ]

[ 2015-08-23T11:43:37+08:00 ] 127.0.0.1 /TestPro/index.php/Home/Article/selectTest
INFO: [ app_init ] --START--
INFO: Run Behavior\BuildLiteBehavior [ RunTime:0.000000s ]
INFO: [ app_init ] --END-- [ RunTime:0.000000s ]
INFO: [ app_begin ] --START--
INFO: Run Behavior\ReadHtmlCacheBehavior [ RunTime:0.001000s ]
INFO: [ app_begin ] --END-- [ RunTime:0.001000s ]
SQL: SHOW COLUMNS FROM `blogs_article` [ RunTime:0.0030s ]
SQL: SELECT `WENZHANGBIAOTI` AS ``,`WENZHANGNEIRONG` AS ``,`WENZHANGPINGLUN` AS ``,`BEILIULANCISHU` AS ``,`ZANSHU` AS ``,`CAISHU` AS `` FROM `blogs_article` WHERE ( WENZHANGID = 3  )  [ RunTime:0.0010s ]
INFO: [ app_end ] --START--
INFO: Run Behavior\ShowPageTraceBehavior [ RunTime:0.001000s ]
INFO: [ app_end ] --END-- [ RunTime:0.001000s ]

[ 2015-08-23T11:43:48+08:00 ] 127.0.0.1 /TestPro/index.php/Home/Article/selectTest
INFO: [ app_init ] --START--
INFO: Run Behavior\BuildLiteBehavior [ RunTime:0.000000s ]
INFO: [ app_init ] --END-- [ RunTime:0.001000s ]
INFO: [ app_begin ] --START--
INFO: Run Behavior\ReadHtmlCacheBehavior [ RunTime:0.000000s ]
INFO: [ app_begin ] --END-- [ RunTime:0.000000s ]
SQL: SHOW COLUMNS FROM `blogs_article` [ RunTime:0.0050s ]
SQL: SELECT `WENZHANGBIAOTI` AS ``,`WENZHANGNEIRONG` AS ``,`WENZHANGPINGLUN` AS ``,`BEILIULANCISHU` AS ``,`ZANSHU` AS ``,`CAISHU` AS `` FROM `blogs_article` WHERE ( WENZHANGID = 2  )  [ RunTime:0.0000s ]
INFO: [ app_end ] --START--
INFO: Run Behavior\ShowPageTraceBehavior [ RunTime:0.001000s ]
INFO: [ app_end ] --END-- [ RunTime:0.001000s ]

[ 2015-08-23T11:43:49+08:00 ] 127.0.0.1 /TestPro/index.php/Home/Article/selectTest
INFO: [ app_init ] --START--
INFO: Run Behavior\BuildLiteBehavior [ RunTime:0.000000s ]
INFO: [ app_init ] --END-- [ RunTime:0.001000s ]
INFO: [ app_begin ] --START--
INFO: Run Behavior\ReadHtmlCacheBehavior [ RunTime:0.000000s ]
INFO: [ app_begin ] --END-- [ RunTime:0.001000s ]
SQL: SHOW COLUMNS FROM `blogs_article` [ RunTime:0.0040s ]
SQL: SELECT `WENZHANGBIAOTI` AS ``,`WENZHANGNEIRONG` AS ``,`WENZHANGPINGLUN` AS ``,`BEILIULANCISHU` AS ``,`ZANSHU` AS ``,`CAISHU` AS `` FROM `blogs_article` WHERE ( WENZHANGID = 2  )  [ RunTime:0.0000s ]
INFO: [ app_end ] --START--
INFO: Run Behavior\ShowPageTraceBehavior [ RunTime:0.000000s ]
INFO: [ app_end ] --END-- [ RunTime:0.001000s ]

[ 2015-08-23T11:43:49+08:00 ] 127.0.0.1 /TestPro/index.php/Home/Article/selectTest
INFO: [ app_init ] --START--
INFO: Run Behavior\BuildLiteBehavior [ RunTime:0.000000s ]
INFO: [ app_init ] --END-- [ RunTime:0.001000s ]
INFO: [ app_begin ] --START--
INFO: Run Behavior\ReadHtmlCacheBehavior [ RunTime:0.001000s ]
INFO: [ app_begin ] --END-- [ RunTime:0.001000s ]
SQL: SHOW COLUMNS FROM `blogs_article` [ RunTime:0.0040s ]
SQL: SELECT `WENZHANGBIAOTI` AS ``,`WENZHANGNEIRONG` AS ``,`WENZHANGPINGLUN` AS ``,`BEILIULANCISHU` AS ``,`ZANSHU` AS ``,`CAISHU` AS `` FROM `blogs_article` WHERE ( WENZHANGID = 2  )  [ RunTime:0.0000s ]
INFO: [ app_end ] --START--
INFO: Run Behavior\ShowPageTraceBehavior [ RunTime:0.000000s ]
INFO: [ app_end ] --END-- [ RunTime:0.000000s ]

[ 2015-08-23T11:43:56+08:00 ] 127.0.0.1 /TestPro/index.php/Home/Article/selectTest
INFO: [ app_init ] --START--
INFO: Run Behavior\BuildLiteBehavior [ RunTime:0.000000s ]
INFO: [ app_init ] --END-- [ RunTime:0.001000s ]
INFO: [ app_begin ] --START--
INFO: Run Behavior\ReadHtmlCacheBehavior [ RunTime:0.001000s ]
INFO: [ app_begin ] --END-- [ RunTime:0.001000s ]
SQL: SHOW COLUMNS FROM `blogs_article` [ RunTime:0.0040s ]
SQL: SELECT `WENZHANGBIAOTI` AS ``,`WENZHANGNEIRONG` AS ``,`WENZHANGPINGLUN` AS ``,`BEILIULANCISHU` AS ``,`ZANSHU` AS ``,`CAISHU` AS `` FROM `blogs_article` WHERE ( WENZHANGID = 1  )  [ RunTime:0.0010s ]
INFO: [ app_end ] --START--
INFO: Run Behavior\ShowPageTraceBehavior [ RunTime:0.001000s ]
INFO: [ app_end ] --END-- [ RunTime:0.001000s ]

